2025-09-14 10:55:44,093 - INFO - === Rincón Literario Static Site Generator ===
2025-09-14 10:55:44,093 - INFO - Starting static site generation
2025-09-14 10:55:44,093 - INFO - Loaded 44 valid items from database
2025-09-14 10:55:44,093 - INFO - Processing 44 items
2025-09-14 10:55:44,094 - INFO - Generated: static/Leo.html
2025-09-14 10:55:44,094 - INFO - Generated: static/Nacimiento.html
2025-09-14 10:55:44,095 - INFO - Generated: static/Señor_de_Jerusalén.html
2025-09-14 10:55:44,095 - INFO - Generated: static/La_Casa_de_los_Abuelos.html
2025-09-14 10:55:44,096 - INFO - Generated: static/La_Alfombra_Roja.html
2025-09-14 10:55:44,096 - INFO - Generated: static/El_Héroe.html
2025-09-14 10:55:44,096 - INFO - Generated: static/Abuelito.html
2025-09-14 10:55:44,097 - INFO - Generated: static/El_Jardín_de_Silicio.html
2025-09-14 10:55:44,097 - INFO - Generated: static/El_Relojero_de_Sombras.html
2025-09-14 10:55:44,098 - INFO - Generated: static/La_Ciudad_Flotante.html
2025-09-14 10:55:44,098 - INFO - Generated: static/El_Ladrón_de_Ecos.html
2025-09-14 10:55:44,099 - INFO - Generated: static/Código_Cero.html
2025-09-14 10:55:44,099 - INFO - Generated: static/La_Posada_del_Fin_del_Mundo.html
2025-09-14 10:55:44,100 - INFO - Generated: static/El_Cartógrafo_de_Sueños.html
2025-09-14 10:55:44,100 - INFO - Generated: static/La_Frontera_de_Hielo.html
2025-09-14 10:55:44,101 - INFO - Generated: static/El_Último_Mensaje_del_Nautilus.html
2025-09-14 10:55:44,101 - INFO - Generated: static/La_Memoria_del_Bosque.html
2025-09-14 10:55:44,102 - INFO - Generated: static/El_Espejo_de_los_Mundos_Perdidos.html
2025-09-14 10:55:44,102 - INFO - Generated: static/La_Fábrica_de_Lluvia.html
2025-09-14 10:55:44,102 - INFO - Generated: static/El_Coleccionista_de_Vientos.html
2025-09-14 10:55:44,103 - INFO - Generated: static/La_Librería_Ambulante.html
2025-09-14 10:55:44,103 - INFO - Generated: static/El_Arquitecto_de_Sueños.html
2025-09-14 10:55:44,104 - INFO - Generated: static/Versos_de_Medianoche.html
2025-09-14 10:55:44,104 - INFO - Generated: static/El_Jardín_Interior.html
2025-09-14 10:55:44,104 - INFO - Generated: static/Cartas_al_Viento.html
2025-09-14 10:55:44,105 - INFO - Generated: static/Reflejos_en_el_Agua.html
2025-09-14 10:55:44,105 - INFO - Generated: static/Susurros_de_Otoño.html
2025-09-14 10:55:44,105 - INFO - Generated: static/El_Viajero_de_los_Siglos.html
2025-09-14 10:55:44,106 - INFO - Generated: static/La_Copa_de_Amatista.html
2025-09-14 10:55:44,106 - INFO - Generated: static/Nocturno_en_el_Sena.html
2025-09-14 10:55:44,106 - INFO - Generated: static/El_Cisne_Negro.html
2025-09-14 10:55:44,107 - INFO - Generated: static/La_Sombra_del_Titán.html
2025-09-14 10:55:44,107 - INFO - Generated: static/Rosario_de_los_Siete_Dolores.html
2025-09-14 10:55:44,108 - INFO - Generated: static/Santo_Rosario_Normal.html
2025-09-14 10:55:44,110 - INFO - Generated: static/Santo_Rosario_Guía.html
2025-09-14 10:55:44,111 - INFO - Generated: static/Día_Primero.html
2025-09-14 10:55:44,111 - INFO - Generated: static/Día_Segundo.html
2025-09-14 10:55:44,112 - INFO - Generated: static/Día_Tercero.html
2025-09-14 10:55:44,112 - INFO - Generated: static/Día_Cuarto.html
2025-09-14 10:55:44,113 - INFO - Generated: static/Día_Quinto.html
2025-09-14 10:55:44,113 - INFO - Generated: static/Día_Sexto.html
2025-09-14 10:55:44,114 - INFO - Generated: static/Día_Séptimo.html
2025-09-14 10:55:44,114 - INFO - Generated: static/Día_Octavo.html
2025-09-14 10:55:44,115 - INFO - Generated: static/Día_Noveno.html
2025-09-14 10:55:44,115 - INFO - Generation completed: 44 success, 0 errors
2025-09-14 10:55:44,115 - INFO - All pages generated successfully
2025-09-14 10:56:57,448 - INFO - === Content Validation Suite ===
2025-09-14 10:56:57,451 - INFO - 
--- Database Structure ---
2025-09-14 10:56:57,451 - INFO - Validating database structure...
2025-09-14 10:56:57,452 - INFO - Loaded 44 valid items from database
2025-09-14 10:56:57,452 - INFO - Database validation complete. 44 items processed.
2025-09-14 10:56:57,452 - INFO - 
--- Source Files ---
2025-09-14 10:56:57,452 - INFO - Validating source files...
2025-09-14 10:56:57,452 - INFO - Loaded 44 valid items from database
2025-09-14 10:56:57,452 - INFO - All source files are present.
2025-09-14 10:56:57,452 - INFO - 
--- Generated Files ---
2025-09-14 10:56:57,452 - INFO - Validating generated HTML files...
2025-09-14 10:56:57,453 - INFO - Loaded 44 valid items from database
2025-09-14 10:56:57,453 - INFO - All HTML files are present.
2025-09-14 10:56:57,453 - INFO - 
--- Content Statistics ---
2025-09-14 10:56:57,453 - INFO - Validating content statistics...
2025-09-14 10:56:57,454 - INFO - Loaded 44 valid items from database
2025-09-14 10:56:57,454 - INFO - Statistics validation complete. Found 44 total items.
2025-09-14 10:56:57,454 - INFO - 
--- CSS and Assets ---
2025-09-14 10:56:57,454 - INFO - Validating CSS and assets...
2025-09-14 10:56:57,454 - INFO - CSS and assets validation complete.
2025-09-14 10:56:57,454 - INFO - 
--- Page Accessibility ---
2025-09-14 10:56:57,454 - INFO - Testing page accessibility...
2025-09-14 10:56:57,454 - INFO - Loaded 44 valid items from database
2025-09-14 10:56:57,529 - INFO - All pages are accessible.
2025-09-14 10:56:57,529 - INFO - Generating validation report...
2025-09-14 10:57:33,026 - INFO - === Content Validation Suite ===
2025-09-14 10:57:33,029 - INFO - 
--- Database Structure ---
2025-09-14 10:57:33,029 - INFO - Validating database structure...
2025-09-14 10:57:33,030 - INFO - Loaded 44 valid items from database
2025-09-14 10:57:33,030 - INFO - Database validation complete. 44 items processed.
2025-09-14 10:57:33,030 - INFO - 
--- Source Files ---
2025-09-14 10:57:33,030 - INFO - Validating source files...
2025-09-14 10:57:33,030 - INFO - Loaded 44 valid items from database
2025-09-14 10:57:33,030 - INFO - All source files are present.
2025-09-14 10:57:33,030 - INFO - 
--- Generated Files ---
2025-09-14 10:57:33,030 - INFO - Validating generated HTML files...
2025-09-14 10:57:33,031 - INFO - Loaded 44 valid items from database
2025-09-14 10:57:33,031 - INFO - All HTML files are present.
2025-09-14 10:57:33,032 - INFO - 
--- Content Statistics ---
2025-09-14 10:57:33,032 - INFO - Validating content statistics...
2025-09-14 10:57:33,032 - INFO - Loaded 44 valid items from database
2025-09-14 10:57:33,032 - INFO - Statistics validation complete. Found 44 total items.
2025-09-14 10:57:33,032 - INFO - 
--- CSS and Assets ---
2025-09-14 10:57:33,032 - INFO - Validating CSS and assets...
2025-09-14 10:57:33,032 - INFO - CSS and assets validation complete.
2025-09-14 10:57:33,032 - INFO - 
--- Page Accessibility ---
2025-09-14 10:57:33,032 - INFO - Testing page accessibility...
2025-09-14 10:57:33,033 - INFO - Loaded 44 valid items from database
2025-09-14 10:57:33,108 - INFO - All pages are accessible.
2025-09-14 10:57:33,108 - INFO - Generating validation report...
2025-09-14 10:57:39,288 - INFO - === Rincón Literario Static Site Generator ===
2025-09-14 10:57:39,288 - INFO - Starting static site generation
2025-09-14 10:57:39,288 - INFO - Loaded 44 valid items from database
2025-09-14 10:57:39,288 - INFO - Processing 44 items
2025-09-14 10:57:39,289 - INFO - Generated: static/Leo.html
2025-09-14 10:57:39,289 - INFO - Generated: static/Nacimiento.html
2025-09-14 10:57:39,290 - INFO - Generated: static/Señor_de_Jerusalén.html
2025-09-14 10:57:39,290 - INFO - Generated: static/La_Casa_de_los_Abuelos.html
2025-09-14 10:57:39,291 - INFO - Generated: static/La_Alfombra_Roja.html
2025-09-14 10:57:39,291 - INFO - Generated: static/El_Héroe.html
2025-09-14 10:57:39,292 - INFO - Generated: static/Abuelito.html
2025-09-14 10:57:39,292 - INFO - Generated: static/El_Jardín_de_Silicio.html
2025-09-14 10:57:39,293 - INFO - Generated: static/El_Relojero_de_Sombras.html
2025-09-14 10:57:39,294 - INFO - Generated: static/La_Ciudad_Flotante.html
2025-09-14 10:57:39,294 - INFO - Generated: static/El_Ladrón_de_Ecos.html
2025-09-14 10:57:39,295 - INFO - Generated: static/Código_Cero.html
2025-09-14 10:57:39,295 - INFO - Generated: static/La_Posada_del_Fin_del_Mundo.html
2025-09-14 10:57:39,296 - INFO - Generated: static/El_Cartógrafo_de_Sueños.html
2025-09-14 10:57:39,296 - INFO - Generated: static/La_Frontera_de_Hielo.html
2025-09-14 10:57:39,297 - INFO - Generated: static/El_Último_Mensaje_del_Nautilus.html
2025-09-14 10:57:39,298 - INFO - Generated: static/La_Memoria_del_Bosque.html
2025-09-14 10:57:39,298 - INFO - Generated: static/El_Espejo_de_los_Mundos_Perdidos.html
2025-09-14 10:57:39,299 - INFO - Generated: static/La_Fábrica_de_Lluvia.html
2025-09-14 10:57:39,299 - INFO - Generated: static/El_Coleccionista_de_Vientos.html
2025-09-14 10:57:39,300 - INFO - Generated: static/La_Librería_Ambulante.html
2025-09-14 10:57:39,300 - INFO - Generated: static/El_Arquitecto_de_Sueños.html
2025-09-14 10:57:39,301 - INFO - Generated: static/Versos_de_Medianoche.html
2025-09-14 10:57:39,301 - INFO - Generated: static/El_Jardín_Interior.html
2025-09-14 10:57:39,301 - INFO - Generated: static/Cartas_al_Viento.html
2025-09-14 10:57:39,302 - INFO - Generated: static/Reflejos_en_el_Agua.html
2025-09-14 10:57:39,302 - INFO - Generated: static/Susurros_de_Otoño.html
2025-09-14 10:57:39,302 - INFO - Generated: static/El_Viajero_de_los_Siglos.html
2025-09-14 10:57:39,302 - INFO - Generated: static/La_Copa_de_Amatista.html
2025-09-14 10:57:39,303 - INFO - Generated: static/Nocturno_en_el_Sena.html
2025-09-14 10:57:39,303 - INFO - Generated: static/El_Cisne_Negro.html
2025-09-14 10:57:39,303 - INFO - Generated: static/La_Sombra_del_Titán.html
2025-09-14 10:57:39,304 - INFO - Generated: static/Rosario_de_los_Siete_Dolores.html
2025-09-14 10:57:39,305 - INFO - Generated: static/Santo_Rosario_Normal.html
2025-09-14 10:57:39,307 - INFO - Generated: static/Santo_Rosario_Guía.html
2025-09-14 10:57:39,307 - INFO - Generated: static/Día_Primero.html
2025-09-14 10:57:39,308 - INFO - Generated: static/Día_Segundo.html
2025-09-14 10:57:39,308 - INFO - Generated: static/Día_Tercero.html
2025-09-14 10:57:39,309 - INFO - Generated: static/Día_Cuarto.html
2025-09-14 10:57:39,310 - INFO - Generated: static/Día_Quinto.html
2025-09-14 10:57:39,310 - INFO - Generated: static/Día_Sexto.html
2025-09-14 10:57:39,311 - INFO - Generated: static/Día_Séptimo.html
2025-09-14 10:57:39,311 - INFO - Generated: static/Día_Octavo.html
2025-09-14 10:57:39,312 - INFO - Generated: static/Día_Noveno.html
2025-09-14 10:57:39,312 - INFO - Generation completed: 44 success, 0 errors
2025-09-14 10:57:39,312 - INFO - All pages generated successfully
